+-----------------------------------------------------------------------------+
| MMTOOL  4.50.0023                                                           |
| Copyright (c)2010 American Megatrends, Inc.                                 |
+-----------------------------------------------------------------------------+
| Firmware Image Information                                                  |
+-----------------------------------------------------------------------------+
| Image Size : 800000                                                         |
+------+-------------------------------+--------------+-----------+-----------+
|  FV  |            FV TYPE            |   Location   |   Length  |    FFSs   |
+------+-------------------------------+--------------+-----------+-----------+
|  00  |          Non-FFS FV           |   00200000   |  020000   |    001    |
|  01  |          Non-FFS FV           |   00240000   |  4C0000   |    003    |
|  02  |          Nested FV            |   00000000   |  855000   |    199    |
|  03  |          Boot Block FV        |   00700000   |  100000   |    050    |
+------+-------------------------------+--------------+-----------+-----------+
| Nested Firmware Volume Information                                          |
+-----------------------------------------------------------------------------+
|  FV  |            Nesting Information       	      |   Length  |    FFSs   |
+-----------------------------------------------------------------------------+
|  02  |  Parent Fv : 01        Parent FFS : 00       |   855000  |    199    |
+------+-------------------------------+--------------+-----------+-----------+
| NCB Information                                                             |
+-----------------------------------------------------------------------------+
| NCB No : 0                         Location :  00000000   Length :  200000  |
| NCB No : 1                         Location :  00220000   Length :  020000  |
+-----------------------------------------------------------------------------+
| Driver Information                                                          |
+-----------------------------------------------------------------------------+
| Firmware Volume : 00               Location :  00200000   Length :  020000  |
+---+---------------+------------------------------------+--------+------+----+
|NO |    FileName   |               GUID                 |Location| Size |Type|
+---+---------------+------------------------------------+--------+------+----+
|000|               |CEF5B9A3-476D-497F-9FDC-E98143E0422C|00200048|01FFB8|RAW |
+---+---------------+------------------------------------+--------+------+----+
| Bytes Free       : 000000 (  0 KB)    Bytes Used       : 020000 (128 KB)    |
+-----------------------------------------------------------------------------+
| Firmware Volume : 01               Location :  00240000   Length :  4C0000  |
+---+---------------+------------------------------------+--------+------+----+
|NO |    FileName   |               GUID                 |Location| Size |Type|
+---+---------------+------------------------------------+--------+------+----+
|000|               |AE717C2F-1A42-4F2B-8861-78B79CA07E07|00240048|33E32C|FV  |
|001|               |17088572-377F-44EF-8F4E-B09FFF46A070|0057E378|020818|RAW |
|002|S3Restore      |EFD652CC-0E99-40F0-96C0-E08C089070FC|0059EB90|0025BC|PEIM|
+---+---------------+------------------------------------+--------+------+----+
| Bytes Free       : 15EEB0 (1403 KB)    Bytes Used       : 361150 (3460 KB)    |
+-----------------------------------------------------------------------------+
| Firmware Volume : 02               Location :  00000000   Length :  855000  |
+---+---------------+------------------------------------+--------+------+----+
|NO |    FileName   |               GUID                 |Location| Size |Type|
+---+---------------+------------------------------------+--------+------+----+
|000|IntelSaGopDriver|5C266089-E103-4D43-9AB5-12D7095BE2AF|00000048|001335|DRVR|
|001|IntelIvbGopDriv|5BBA83E6-F027-4CA7-BFD0-16358CC9E123|0000137D|00B224|DRVR|
|002|IntelSnbGopDriv|8D59EBC8-B85E-400E-970A-1F995D1DB91E|0000C5A1|00AE64|DRVR|
|003|               |17088572-377F-44EF-8F4E-B09FFF46A070|00017405|020818|RAW |
|004|CpuDxe         |E03ABADF-E536-4E88-B3A0-B77F78EB34FE|00037C1D|0034A1|DRVR|
|005|               |DAC2B117-B5FB-4964-A312-0DCC77061B9B|0003B0BE|00D141|FRFM|
|006|               |9221315B-30BB-46B5-813E-1B1BF4712BD3|000481FF|00069D|FRFM|
|007|Runtime        |CBC59C4A-383A-41EB-A8EE-4498AEA567E4|0004889C|012BE1|DRVR|
|008|ReFlash        |70E1A818-0BE1-4449-BFD4-9EF68C7F02A8|0005B47D|00335D|DRVR|
|009|PciBus         |3C1DE39F-D207-408A-AACC-731CFB7F1DD7|0005E7DA|00E0B9|DRVR|
|010|AmiBoardInfo   |9F3A0016-AE55-4288-829D-D22FD344C347|0006C893|00BDA9|DRVR|
|011|EBC            |13AC6DD0-73D0-11D4-B06B-00AA00BD6DE7|0007863C|0037D9|DRVR|
|012|It8728SmmFeatur|078485F1-0C1F-4B1B-AFB3-4A09C0EF87A1|0007BE15|002109|DRVR|
|013|IT8728SioAcBack|AA893E19-A641-4819-AD23-011B7C24250D|0007DF1E|0013AD|DRVR|
|014|CpuInitDxe     |62D171CB-78CD-4480-8678-C6A2A797A8DE|0007F2CB|00E4A1|DRVR|
|015|SmmRelocDxe    |7FED72EE-0170-4814-9878-A8FB1864DFAF|0008D76C|000F69|DRVR|
|016|SmmRelocPeim   |ABB74F50-FD2D-4072-A321-CAFC72977EFA|0008E6D5|000BAD|PEIM|
|017|SmmBaseRuntime |5552575A-7E00-4D61-A3A4-F7547351B49E|0008F282|004F6D|DRVR|
|018|SmmDisp        |9CC55D7D-FBFF-431C-BC14-334EAEA6052B|000941EF|0056C1|DRVR|
|019|SmmThunk       |8D3BE215-D6F6-4264-BEA6-28073FB13AEA|000998B0|000CD5|DRVR|
|020|CpuPolicyDxe   |15B9B6DA-00A9-4DE7-B8E8-ED7AFB88F16E|0009A585|00158D|DRVR|
|021|MicrocodeUpdate|F3331DE6-4A55-44E4-B767-7453F7A1A021|0009BB12|005B01|DRVR|
|022|CpuSmmSaveRes  |326E7ACE-2133-1BA2-800A-B9C00ACCB17D|000A1613|001DAD|DRVR|
|023|CpuSpSMI       |116E1ACF-2533-4CC2-820A-BBC10A2AB07C|000A33C0|001595|DRVR|
|024|SBDXE          |B7D19491-E55A-470D-8508-85A5DFA41974|000A4955|008235|DRVR|
|025|SBRun          |E23F86E1-056E-4888-B685-CFCD67C179D4|000ACB8A|00299D|DRVR|
|026|               |22046D50-F390-498C-92E5-5BA4F8E7F8B6|000AF527|00020E|FRFM|
|027|SmmChildDispatc|753630C9-FAE5-47A9-BBBF-88D621CD7282|000AF735|0032C9|DRVR|
|028|SmmChildDispatc|E53734A3-E594-4C25-B1A2-081445650F7F|000B29FE|004929|DRVR|
|029|               |750890A6-7ACF-4F4F-81BD-B400C2BEA95A|000B7327|002851|    |
|030|SleepSmi       |6298FE18-D5EF-42B7-BB0C-2953283F5704|000B9B78|0026D5|DRVR|
|031|SBSMI          |7B8DB049-C7C7-4D3B-809F-926DEE47CCA2|000BC24D|0032D1|DRVR|
|032|PchSpiWrap     |B716A6F8-F3A1-4B8E-8582-5A303F1CDD64|000BF51E|000E29|DRVR|
|033|WdtAppDxe      |CE366D33-B057-4C03-8561-CAF17738B66F|000C0347|0012F5|DRVR|
|034|SataDriver     |91B4D9C1-141C-4824-8D02-3C298E36EB3F|000C163C|02DDF9|DRVR|
|035|ActiveBios     |BFD59D42-FE0F-4251-B772-4B098A1AEC85|000EF435|000909|DRVR|
|036|IoTrap         |2374EDDF-F203-4FC0-A20E-61BAD73089D6|000EFD3E|0017E1|DRVR|
|037|IntelLegacyInte|C1C418F9-591D-461C-82A2-B9CD96DFEA86|000F151F|000515|DRVR|
|038|PchInitDxe     |DE23ACEE-CF55-4FB6-AA77-984AB53DE823|000F1A34|00BB2D|DRVR|
|039|PchSmiDispatcher|B0D6ED53-B844-43F5-BD2F-61095264E77E|000FD561|005E55|DRVR|
|040|PchPcieSmm     |ACAEAA7A-C039-4424-88DA-F42212EA0E55|001033B6|002681|DRVR|
|041|PchReset       |BB1FBD4F-2E30-4793-9BED-74F672BC8FFE|00105A37|001785|DRVR|
|042|PchS3Peim      |271DD6F2-54CB-45E6-8585-8C923C1AC706|001071BC|0016DC|PEIM|
|043|PchS3Support   |08F2C63B-08DE-4CCD-8670-ACFE644A1C48|00108898|000D45|DRVR|
|044|SataController |BB65942B-521F-4EC3-BAF9-A92540CF60D2|001095DD|001A29|DRVR|
|045|PchSerialGpio  |FC1B7640-3466-4C06-B1CC-1C935394B5C2|0010B006|000DED|DRVR|
|046|SmartTimer     |90CB75DB-71FC-489D-AACF-943477EC7212|0010BDF3|000909|DRVR|
|047|PchSmbusDxe    |E052D8A6-224A-4C32-8D37-2E0AE162364D|0010C6FC|001A19|DRVR|
|048|SmmControl     |A0BAD9F7-AB78-491B-B583-C52B7F84B9E0|0010E115|000C29|DRVR|
|049|PchSpiSmm      |27F4917B-A707-4AAD-9676-26DF168CBF0D|0010ED3E|0025E5|DRVR|
|050|PchSpiRuntime  |C194C6EA-B68C-4981-B64B-9BD271474B20|00111323|002E8D|DRVR|
|051|PchSmbusSmm    |59287178-59B2-49CA-BC63-532B12EA2C53|001141B0|001459|DRVR|
|052|WdtDxe         |5AAB83E5-F027-4CA7-BFD0-16358CC9E453|00115609|000BE1|DRVR|
|053|NBDXE          |E4ECD0B2-E277-4F2B-BECB-E4D75C9A812E|001161EA|005721|DRVR|
|054|NBSMI          |D933DEDE-0260-4E76-A7D9-2F9F2440E5A5|0011B90B|001E1D|DRVR|
|055|MiscSubclassDxe|16271FCA-55D9-4A33-93FC-5A3EB128DE21|0011D728|001125|DRVR|
|056|UpdateMemoryRec|24CCD374-3DF6-4181-86F6-E3C66920A145|0011E84D|001BF5|DRVR|
|057|LegacyRegion2  |FE6F8ACD-55A6-4C6B-B448-64E659DE94B3|00120442|000D9D|DRVR|
|058|AtaCtlrDriver  |262A5367-7775-4518-A3EC-84981AD4A1C0|001211DF|001B85|DRVR|
|059|AtaCtlrDxe     |004E431F-3E44-43AC-89B9-F79708BD3C09|00122D64|002669|DRVR|
|060|AtaCtlrSmm     |53888A04-B140-4B2C-AA9C-C89E1F90CCD0|001253CD|001559|DRVR|
|061|OnboardControll|1601E050-BE0C-41B7-8F96-9F48F72B7E26|00126926|001D1D|DRVR|
|062|PciExpressDxe  |A89EC8E0-0BA1-40AA-A03E-ABDDA5295CDE|00128643|002BA1|DRVR|
|063|PciHostBridge  |8D6756B9-E55E-4D6A-A3A5-5E4D72DDF772|0012B1E4|002AED|DRVR|
|064|SmBiosMemory   |EDA39402-F375-4496-92D3-83B43CB8A76A|0012DCD1|002A75|DRVR|
|065|SmmAccess      |1323C7F8-DAD5-4126-A54B-7A05FBF41515|00130746|000D55|DRVR|
|066|               |27E569D5-0AFC-4D8F-8C90-783AC4A318AB|0013149B|00009F|FRFM|
|067|SaInitDxe      |DE23ACEE-CF55-4FB6-AA77-984AB53DE811|0013153A|0060F5|DRVR|
|068|BdatAccessHandl|6DB9486F-6AF6-4090-984D-238482CE3EA4|0013762F|0008E9|DRVR|
|069|SaLateInitSmm  |2D1E361C-7B3F-4D15-8B1F-66E551FABDC7|00137F18|003C01|DRVR|
|070|               |878AC2CC-5343-46F2-B563-51F89DAF56BA|0013BB19|001184|RAW |
|071|               |0F729F33-25C1-41A7-86B2-23A737A91823|0013CC9D|0010D1|RAW |
|072|PciTestAdapter |3F79BEE2-6B14-4B5E-916B-101D8F7E15BE|0013DD6E|0012B1|DRVR|
|073|ACPI           |16D0A23E-C09C-407D-A14A-AD058FDD0CA1|0013F01F|00984D|DRVR|
|074|               |26A2481E-4424-46A2-9943-CC4039EAD8F8|0014886C|003229|    |
|075|S3Restore      |EFD652CC-0E99-40F0-96C0-E08C089070FC|0014BA95|0025BC|PEIM|
|076|AHCI           |8F5A2E02-538C-4D59-B920-C4786ACBC552|0014E051|006915|DRVR|
|077|AINT13         |67820532-7613-4DD3-9ED7-3D9BE3A7DA63|00154966|001C31|DRVR|
|078|AhciSmm        |BC3245BD-B982-4F55-9F79-056AD7E987C5|00156597|002951|DRVR|
|079|BDRDXE         |5E06E249-3A4C-49B5-8A37-02058CC12691|00158EE8|0043D1|DRVR|
|080|BDRSMM         |ACA87EA5-D839-4F41-BCCE-9E19E9F2C2AD|0015D2B9|004555|DRVR|
|081|DualBiosDxe    |C74D1B0B-91B1-484A-A038-FE7A0847AA07|0016180E|005AC9|DRVR|
|082|DualBiosSMM    |88B468B3-A48B-4B87-ABE2-8E56DFFDAF8D|001672D7|0002DD|DRVR|
|083|Slp10          |8E477676-55FD-48CF-9210-15A99B27D740|001675B4|000EA9|DRVR|
|084|SlpSupport     |4C494E55-5849-5342-4554-544552212121|0016845D|000F99|DRVR|
|085|CryptoDxe      |20D8FFFE-15C3-4EA9-9D28-CFE2745D78F3|001693F6|0111B5|DRVR|
|086|               |842A454A-75E5-408B-8B1C-36420E4E3F21|0017A5AB|0021AD|    |
|087|KbcEmul        |3B24F79D-91A0-46FF-BE29-458AE211FAC5|0017C758|0040F5|DRVR|
|088|CSMCORE        |A062CF1F-8473-4AA3-8793-600BC4FFE9A8|0018084D|094B8D|DRVR|
|089|               |A08276EC-A0FE-4E06-8670-385336C7D093|002153DA|000421|FRFM|
|090|BIOSBLKIO      |25ACF158-DD61-4E64-9A49-55851E9A26C7|002157FB|0033B5|DRVR|
|091|CsmVideo       |29CF55F8-B675-4F5D-8F2F-B87A3ECFD063|00218BB0|004715|DRVR|
|092|               |FD6E5D6D-9E39-482E-A5FF-2A0F41D8A79E|0021D2C5|00E045|FRFM|
|093|               |60AC3A8F-4D66-4CD4-895A-C3F06E6665EE|0022B30A|0000D6|FRFM|
|094|iFfsDxe        |B6B9295F-CABF-4CEC-BB14-FE4246F2173A|0022B3E0|001C89|DRVR|
|095|iFfsSmm        |43172851-CF7E-4345-9FE0-D7012BB17B88|0022D069|001A05|DRVR|
|096|iFfsDxePolicyIn|DDB412A6-E3F3-4E9E-90A3-2A991270219C|0022EA6E|001035|DRVR|
|097|HeciDxe        |55E76644-78A5-4A82-A900-7126A5798892|0022FAA3|002FC1|DRVR|
|098|HeciSmm        |921CD783-3E22-4579-A71F-00D74197FCC8|00232A64|001AD5|DRVR|
|099|PlatformReset  |9A9A912B-5F53-4586-8820-704485A29D21|00234539|000DFD|DRVR|
|100|MdesStatusCodeD|DF5CD25A-8E55-46BA-8CDA-BC7DB7BF9C64|00235336|000C85|DRVR|
|101|MeFwDowngrade  |5820EEB4-C135-4854-9D2A-AA9EFC4475E9|00235FBB|000DA1|DRVR|
|102|MePlatformPolicy|BA67550C-3628-4137-A53E-42660E081604|00236D5C|00148D|DRVR|
|103|MePciPlatform  |459C70C3-9344-4484-9F93-7822530D0D11|002381E9|0007CD|DRVR|
|104|IccPlatform    |14257B56-BDA2-4FAF-8E4F-C885DF75583C|002389B6|00174D|DRVR|
|105|IccOverClocking|5BBA83E5-F027-4CA7-BFD0-16358CC9E123|0023A103|0049D1|DRVR|
|106|Smbios131      |2B341C7B-0B32-4A65-9D46-E1B3ABD4C25C|0023EAD4|000EE5|DRVR|
|107|MERecoveryDxe  |F1FCD66F-8966-441E-909C-77F211AB9C3E|0023F9B9|0042AD|DRVR|
|108|               |821D110C-D0A3-4CF7-AEF3-E28088491704|00243C66|080025|FRFM|
|109|MouseDriver    |C7A7030C-C3D8-45EE-BED9-5D9E76762953|002C3C8B|004329|DRVR|
|110|               |76D5CF91-0C55-434E-97C2-D2825C82E610|002C7FB4|001D65|    |
|111|AcpiPlatform   |8B5FBABD-F51F-4942-BF16-16AAA38AE52B|002C9D19|003141|DRVR|
|112|AcpiPlatformSmi|DFD8D5CC-5AED-4820-A2B6-5C55E4E640EF|002CCE5A|001A71|DRVR|
|113|PlatformInfo   |1314216C-CB8D-421C-B854-06231386E642|002CE8CB|000FED|DRVR|
|114|SMBIOSUpdateData|B98999A4-E96F-475A-99FC-762126F50F5A|002CF8B8|000AA5|DRVR|
|115|               |FB045DB2-598E-485A-BA30-5D7B1B1BD54D|002D035D|0001A7|FRFM|
|116|OFBD           |57E56594-CE95-46AD-9531-3C49310CA7CE|002D0504|001411|DRVR|
|117|PowerManagement|8C783970-F02A-4A4D-AF09-8797A51EEC8D|002D1915|004D1D|DRVR|
|118|               |299141BB-211A-48A5-92C0-6F9A0A3A006E|002D6632|000937|FRFM|
|119|AmiPpmPolicy   |1CE12314-AFBC-11F0-8A3E-AB44B8EE3120|002D6F69|00195D|DRVR|
|120|LVL801         |0D19B20C-9185-4523-A79F-8404D0946F4A|002D88C6|001F45|DRVR|
|121|QFlash         |132EC73B-3025-4FBF-B193-8ACB50EFBD89|002DA80B|007DB9|DRVR|
|122|EzFileBrowser  |56B70419-7103-4D0E-83F4-F3546BD21E40|002E25C4|003FED|DRVR|
|123|SecureBootMod  |A95C1D60-CB9F-4BD8-A030-3F1C4A185156|002E65B1|00179D|DRVR|
|124|               |FBF95065-427F-47B3-8077-D13C60710998|002E7D4E|001159|FRFM|
|125|               |9D7A05E9-F740-44C3-858B-75586A8F9C8E|002E8EA7|00064D|FRFM|
|126|SecFlashUpdDxe |A0EF80E3-F9AB-4CBA-98FD-704620F4048D|002E94F4|0011C1|DRVR|
|127|CmosManagerSmm |6869C5B3-AC8D-4973-8B37-E354DBF34ADD|002EA6B5|003A21|DRVR|
|128|GenericComponen|199FD111-0785-4132-A9B3-1F66573F0060|002EE0D6|029ADD|DRVR|
|129|AsUndiDxe      |603DC12F-BF47-4683-9D56-C8893C638A88|00317BB3|009A85|DRVR|
|130|SMBiosBoard    |CEF68C66-06AB-4FB3-A3ED-5FFA885B5725|00321638|001A09|DRVR|
|131|SMBios64       |B13EDD38-684C-41ED-A305-D7B7E32497DF|00323041|006349|DRVR|
|132|SmbiosGetFlashD|DED7956D-7E20-4F20-91A1-190439B04D5B|0032938A|000F0D|DRVR|
|133|               |DAF4BF89-CE71-4917-B522-C89D32FBC59F|0032A297|001999|FRFM|
|134|SmbiosDMIEdit  |E2A74738-8934-48F5-8412-99E948C8DC1B|0032BC30|003805|DRVR|
|135|SMIFlash       |BC327DBD-B982-4F55-9F79-056AD7E987C5|0032F435|005C99|DRVR|
|136|SmiVariable    |BE216BA8-38C4-4535-A6CA-5DCA5B43ADDF|003350CE|001D49|DRVR|
|137|TcgPlatformSetu|196CA3D8-9A5A-4735-B328-8FFC1D93D188|00336E17|0014B1|DRVR|
|138|TcgDxe         |5E9CABA3-F2B1-497A-ADAC-24F575E9CDE9|003382C8|006075|DRVR|
|139|TcgDxeplatform |2688B232-9C02-4C12-BE1F-857C0FF2AAE3|0033E33D|000F81|DRVR|
|140|TCGSmm         |FD93F9E1-3C73-46E0-B7B8-2BBA3F718F6C|0033F2BE|001AC1|DRVR|
|141|TcgLegacy      |858EBE6F-360F-415B-B7DC-463AAEB03412|00340D7F|001705|DRVR|
|142|AmiTcgPlatformD|A29A63E3-E4E7-495F-8A6A-07738300CBB3|00342484|0080D9|DRVR|
|143|               |0AA31BC6-3379-41E8-825A-53F82CC0F254|0034A55D|002CB5|FRFM|
|144|               |142204E2-C7B1-4AF9-A729-923758D96D03|0034D212|000B75|FRFM|
|145|               |7D113AA9-6280-48C6-BACE-DFE7668E8307|0034DD87|000635|FRFM|
|146|AmiTcgNvflagSam|50F6096D-7C98-4C78-9A1D-C5A1833B6A88|0034E3BC|001849|DRVR|
|147|AMITSE         |B1DA0ADF-4F77-4070-A88E-BFFE1C60529A|0034FC05|097661|DRVR|
|148|               |A59A0056-3341-44B5-9C9C-6D76F7673817|003E7266|0000A8|FRFM|
|149|               |63819805-67BB-46EF-AA8D-1524A19A01E4|003E730E|004EBD|FRFM|
|150|               |EFCB2FDB-0662-4A59-A5D7-03033EA97CAE|003EC1CB|011421|FRFM|
|151|               |6B389ACF-5B9A-445C-BFE7-35D608C4CE56|003FD5EC|174FB9|FRFM|
|152|SmmRuntime     |A56897A1-A77F-4600-84DB-22B0A801FA9A|005725A5|001479|DRVR|
|153|DpcDxe         |399CF3A7-82C7-4D9B-9123-DB11842986D3|00573A1E|0008B9|DRVR|
|154|ArpDxe         |8DD91798-EE87-4F0E-8A84-3F998311F930|005742D7|002F59|DRVR|
|155|SnpDxe         |3DD7A87B-D5BD-44AF-986F-2E13DB5D274C|00577230|0037F9|DRVR|
|156|MnpDxe         |C30B94E3-C8F2-4AB0-91AB-FA8DF621B1C9|0057AA29|004B59|DRVR|
|157|UefiPxeBcDxe   |0EF8A3B1-388A-4B62-8BE6-C7877D50AEDF|0057F582|00D025|DRVR|
|158|NetworkStackSet|0029DE6A-E024-4EB8-A91D-9F23AA1F4E92|0058C5A7|000BF9|DRVR|
|159|TcpDxe         |B1625D3C-9D2D-4E0D-B864-8A763EE4EC50|0058D1A0|00BB59|DRVR|
|160|Dhcp4Dxe       |8DD9176E-EE87-4F0E-8A84-3F998311F930|00598CF9|006F1D|DRVR|
|161|Ip4ConfigDxe   |8F9296EF-2880-4659-B857-915A8901BDC8|0059FC16|0047C5|DRVR|
|162|Ip4Dxe         |8F92960F-2880-4659-B857-915A8901BDC8|005A43DB|008BD9|DRVR|
|163|Mtftp4Dxe      |61AFA223-8AC8-4440-9AB5-762B1BF05156|005ACFB4|0056BD|DRVR|
|164|Udp4Dxe        |10EE5462-B207-4A4F-ABD8-CB522ECAA3A4|005B2671|005719|DRVR|
|165|Dhcp6Dxe       |8DD9176D-EE87-4F0E-8A84-3F998311F930|005B7D8A|00689D|DRVR|
|166|Ip6Dxe         |8F92960E-2880-4659-B857-915A8901BDC8|005BE627|010459|DRVR|
|167|Mtftp6Dxe      |61AFA251-8AC8-4440-9AB5-762B1BF05156|005CEA80|00565D|DRVR|
|168|Udp6Dxe        |10EE54AE-B207-4A4F-ABD8-CB522ECAA3A4|005D40DD|0053D9|DRVR|
|169|GbtCustomizeBut|4DCBF9BA-DEC1-42B0-8A09-01555694F6CF|005D94B6|0013AD|DRVR|
|170|RTCWakeup      |534A6A34-CF78-4A56-BEDB-CB49A8D8060C|005DA863|001739|DRVR|
|171|UHCD           |580DD900-385D-11D7-883A-00500473D4EB|005DBF9C|00D691|DRVR|
|172|               |04EAAAA1-29A1-11D7-8838-00500473D4EB|005E962D|0146A1|    |
|173|USBINT13       |4C006CD9-19BA-4617-8483-609194A1ACFC|005FDCCE|001A25|DRVR|
|174|x1x4Switch     |629FA771-C081-560A-A599-1986011859E0|005FF6F3|001449|DRVR|
|175|SmartFanCtrlDXE|D8AAB432-93CC-48D2-9F34-3496CAF92185|00600B3C|001941|DRVR|
|176|OemLOGO        |7D1686A9-1EE3-446C-825C-5A26F449CE52|0060247D|001061|DRVR|
|177|MyOemLogo1     |86EE84E1-3375-41A1-AFBA-847BD29663AA|006034DE|000A98|FRFM|
|178|MyOemLogo2     |86EE84E2-3375-41A1-AFBA-847BD29663AA|00603F76|00011B|FRFM|
|179|               |0A602C5B-05A0-40C4-9181-EDCD891D0022|00604091|002F3D|FRFM|
|180|               |0A602C5B-05A0-40C4-9181-EDCD891D0023|00606FCE|002F3D|FRFM|
|181|               |0A602C5B-05A0-40C4-9181-EDCD891D0020|00609F0B|002F3D|FRFM|
|182|               |0A602C5B-05A0-40C4-9181-EDCD891D0021|0060CE48|002F3D|FRFM|
|183|OEMDXE         |BFE205C9-5B17-4F8F-9375-89614AF8E199|0060FD85|000E55|DRVR|
|184|Setup          |899407D7-99FE-43D8-9A21-79EC328CAC21|00610BDA|077365|DRVR|
|185|               |7BB28B99-61BB-11D5-9A5D-0090273FC14D|00687F3F|044C8D|FRFM|
|186|CRBDXE         |16271FCA-55D9-4A33-93FC-5A3EB128DEB6|006CCBCC|000C91|DRVR|
|187|CRBSMI         |221F1D4F-034C-4BEA-B2BB-B7A9672B06D7|006CD85D|0013A1|DRVR|
|188|CspLibDxe      |CD84562C-6864-40A3-A081-C8D35E82B920|006CEBFE|000275|DRVR|
|189|CORE_DXE       |5AE3F37E-4EAE-41AE-8240-35465B5E81EB|006CEE73|03821D|DXEC|
|190|EnhancedFat    |961578FE-B6B7-44C3-AF35-6BC705CD2B1F|00707090|00343A|DRVR|
|191|HfsPlus        |4CF484CD-135F-4FDC-BAFB-1AA104B48D36|0070A4CA|003712|DRVR|
|192|PartitionDxe   |1FA1F39E-FEFF-4AAE-BD7B-38A070A3B609|0070DBDC|0018C4|DRVR|
|193|Ozmosis        |AAE65279-0761-41D1-BA13-4A3C1383603F|0070F4A0|02FC91|DRVR|
|194|HermitShellX64 |C57AD6B7-0515-40A8-9D21-551652854E37|0073F131|041721|APPN|
|195|VoodooHdaKext  |DADE1009-1B31-4FE4-8557-26FCEFC78275|00780852|023779|FRFM|
|196|SmcEmulatorKext|DADE1001-1B31-4FE4-8557-26FCEFC78275|007A3FCB|011474|FRFM|
|197|OzmosisDefaults|99F2839C-57C3-411E-ABC3-ADE5267D960D|007B543F|0002BF|FRFM|
|198|OzmosisBlackThe|AC255206-DCF9-4837-8353-72BBBC0AC849|007B56FE|02A559|FRFM|
+---+---------------+------------------------------------+--------+------+----+
| Bytes Free       : 0753A9 (468 KB)    Bytes Used       : 7DFC57 (8063 KB)    |
+-----------------------------------------------------------------------------+
| Firmware Volume : 03               Location :  00700000   Length :  100000  |
+---+---------------+------------------------------------+--------+------+----+
|NO |    FileName   |               GUID                 |Location| Size |Type|
+---+---------------+------------------------------------+--------+------+----+
|000|MemoryInit     |3B42EF57-16D3-44CB-8632-9FDB06B41451|00700048|02C872|PEIM|
|001|UsbBotPeim     |8401A046-6F70-4505-8471-7015B40355E3|0072C8C0|001969|PEIM|
|002|Recovery       |E008B434-0E73-440C-8612-A143F6A07BCB|0072E230|004342|PEIM|
|003|CRBPEI         |0D1ED2F7-E92B-4562-92DD-5C82EC917EAE|00732578|00097A|PEIM|
|004|WdtPei         |1D88C542-9DF7-424A-AA90-02B61F286938|00732EF8|000796|PEIM|
|005|CORE_PEI       |92685943-D810-47FF-A112-CC8490776A1F|00733690|027DD2|PEIC|
|006|IT8728SioAcBack|F5042177-1D29-45C5-BA4D-4D0EB2E88575|0075B468|0002A0|PEIM|
|007|CpuInitPei     |01359D99-9446-456D-ADA4-50A711C03ADA|0075B708|001C4E|PEIM|
|008|CpuS3Peim      |C866BD71-7C79-4BF1-A93B-066B830D8F9A|0075D358|001590|PEIM|
|009|SmmBasePeim    |8B8214F9-4ADB-47DD-AC62-8313C537E9FA|0075E8E8|000560|PEIM|
|010|CpuPolicyPei   |0AC2D35D-1C77-1033-A6F8-7CA55DF7D0AA|0075EE48|000762|PEIM|
|011|CpuPeiBeforeMem|1555ACF3-BD07-4685-B668-A86945A4124D|0075F5B0|0006E0|PEIM|
|012|CpuPei         |2BB5AFA9-FF33-417B-8497-CB773C2B93BF|0075FC90|00160E|PEIM|
|013|SBPEI          |C1FBD624-27EA-40D1-AA48-94C3DC5C7E0D|007612A0|003C78|PEIM|
|014|AcpiPlatformPei|333BB2A3-4F20-4C8B-AC38-0672D74315F8|00764F18|00087C|PEIM|
|015|SmBusPei       |9EA28D33-0175-4788-BEA8-6950516030A5|00765798|0013CA|PEIM|
|016|WdtAppPei      |0F69F6D7-0E4B-43A6-BFC2-6871694369B0|00766B68|00052C|PEIM|
|017|PchInitPeim    |FD236AE7-0791-48C4-B29E-29BDEEE1A838|00767098|003960|PEIM|
|018|PchResetPeim   |FF259F16-18D1-4298-8DD2-BD87FF2894A9|0076A9F8|000962|PEIM|
|019|PchSmbusArpDisa|643DF777-F312-42ED-81CC-1B1F57E18AD6|0076B360|000BA0|PEIM|
|020|PchSpiPeim     |AA652CB9-2D52-4624-9FAE-D4E58B67CA46|0076BF00|0015BE|PEIM|
|021|PchUsb         |6B4FDBD2-47E1-4A09-BA8E-8E041F208B95|0076D4C0|00036E|PEIM|
|022|NBPEI          |79AA6086-035A-4AD9-A89A-A6D5AA27F0E2|0076D830|0028B8|PEIM|
|023|SmmAccessPeim  |6ECFCE51-5724-450C-A38A-58553E954422|007700E8|000884|PEIM|
|024|SaInitPeim     |FD236AE7-0791-48C4-B29E-29BDEEE1A811|00770970|005036|PEIM|
|025|BDRPEI         |90E9D266-C229-4474-8D18-AAF3745F3EAA|007759A8|000546|PEIM|
|026|               |56E14F88-234B-4C34-B204-299670447247|00775EF0|00046C|FRFM|
|027|               |0B71D630-2BAD-4797-ABD6-088E95D0DE47|00776360|00101C|FRFM|
|028|DualBiosPei    |97BB442B-F9FE-45E3-8A28-439EEDCD1813|00777380|000420|PEIM|
|029|Capsule        |FAC2EFAD-8511-4E34-9CAE-16A257BA9488|007777A0|000998|PEIM|
|030|CryptoPei      |D6D2FBA6-EF60-4C38-A83E-6769814D23B0|00778138|002AC2|PEIM|
|031|iFfsPei        |53F019E9-BB0C-424B-870A-1FAF10B1CB4C|0077AC00|004170|PEIM|
|032|HeciPei        |9CF30325-DC5C-4556-A8B0-74215C5F7FC4|0077ED70|000C18|PEIM|
|033|PchMeUma       |8C376010-2400-4D7D-B47B-9D851DF3C9D1|0077F988|00080E|PEIM|
|034|MePeiPolicyInit|12C67BE1-AD2E-4F13-A95F-6EDC2C4392DE|00780198|000538|PEIM|
|035|PeiRamBoot     |08EFD15D-EC55-4023-B648-7BA40DF7D05D|007806D0|001082|PEIM|
|036|               |CC0F8A3F-3DEA-4376-9679-5426BA0A907E|00781758|000489|FRFM|
|037|               |9FE7DE69-0AEA-470A-B50A-139813649189|00781BE8|00092C|FRFM|
|038|               |5B85965C-455D-4CC6-9C4C-7F086967D2B0|00782518|00003C|FRFM|
|039|FwCapsuleRecove|83FA5AED-5171-4949-BDC9-0CBC9E123663|00782558|00273F|PEIM|
|040|               |FD44820B-F1AB-41C0-AE4E-0C55556EB9BD|00784C98|000828|FRFM|
|041|TcgPlatformSetu|0FE9DA53-043D-4265-A94D-FD77FEDE2EB4|007854C0|00064C|PEIM|
|042|TcgPei         |34989D8E-930A-4A95-AB04-2E6CFDFF6631|00785B10|002656|PEIM|
|043|TcgPeiAfterMem |12345678-930A-4A95-AB04-2E6CFDFF6631|00788168|000D45|PEIM|
|044|TcgPeiplatform |6B844C5B-6B75-42CA-8E8E-1CB94412B59B|00788EB0|000416|PEIM|
|045|AmiTcgPlatformP|9B3F28D5-10A6-46C8-BA72-BD40B847A71A|007892C8|000FF3|PEIM|
|046|AmiTcgPlatformP|E9312938-E56B-4614-A252-CF7D2F377E26|0078A2C0|000DAE|PEIM|
|047|               |0DCA793A-EA96-42D8-BD7B-DC7F684E38C1|0078B070|0000A4|FRFM|
|048|               |3FD1D3A2-99F7-420B-BC69-8BB1D492A332|0078B118|0000A4|FRFM|
|049|               |1BA0062E-C779-4582-8566-336AE8F78F09|007FF140|000EC0|SECC|
+---+---------------+------------------------------------+--------+------+----+
| Bytes Free       : 073F80 (463 KB)    Bytes Used       : 08C080 (560 KB)    |
+-----------------------------------------------------------------------------+
| Total Bytes Free : 1D2E30 (1867 KB)   Total Bytes Used : 62D1D0 (6324 KB)   |
+-----------------------------------------------------------------------------+
